<?xml version="1.0" encoding="UTF-8"?>
<robot generator="Robot 7.3.1 (Python 3.13.5 on win32)" generated="2025-06-23T16:08:00.887881" rpa="false" schemaversion="5">
<suite id="s1" name="Test" source="C:\Users\User\PycharmProjects\RobotFrameworkSample\automation\test.robot">
<test id="s1-t1" name="OrangeHRMWebsite" line="8">
<kw name="Open Browser" owner="SeleniumLibrary">
<msg time="2025-06-23T16:08:01.393377" level="INFO">Opening browser 'Chrome' to base url 'https://opensource-demo.orangehrmlive.com/'.</msg>
<arg>https://opensource-demo.orangehrmlive.com/</arg>
<arg>Chrome</arg>
<doc>Opens a new browser instance to the optional ``url``.</doc>
<status status="PASS" start="2025-06-23T16:08:01.393206" elapsed="14.060391"/>
</kw>
<kw name="Sleep" owner="BuiltIn">
<msg time="2025-06-23T16:08:20.454515" level="INFO">Slept 5 seconds.</msg>
<arg>5</arg>
<doc>Pauses the test executed for the given time.</doc>
<status status="PASS" start="2025-06-23T16:08:15.453944" elapsed="5.000827"/>
</kw>
<kw name="Close Browser" owner="SeleniumLibrary">
<doc>Closes the current browser.</doc>
<status status="PASS" start="2025-06-23T16:08:20.455407" elapsed="2.174270"/>
</kw>
<status status="PASS" start="2025-06-23T16:08:01.392362" elapsed="21.238285"/>
</test>
<status status="PASS" start="2025-06-23T16:08:00.888782" elapsed="21.744216"/>
</suite>
<statistics>
<total>
<stat pass="1" fail="0" skip="0">All Tests</stat>
</total>
<tag>
</tag>
<suite>
<stat name="Test" id="s1" pass="1" fail="0" skip="0">Test</stat>
</suite>
</statistics>
<errors>
</errors>
</robot>
